Failed to fetch providers: AxiosError: Request failed with status code 403
    at settle (file:///C:/Users/rajem/Curo/Curo-main/backend/node_modules/axios/lib/core/settle.js:20:7)
    at IncomingMessage.handleStreamEnd (file:///C:/Users/rajem/Curo/Curo-main/backend/node_modules/axios/lib/adapters/http.js:844:13)
    at IncomingMessage.emit (node:events:529:35)
    at endReadableNT (node:internal/streams/readable:1400:12)
    at process.processTicksAndRejections (node:internal/process/task_queues:82:21)
    at Axios.request (file:///C:/Users/rajem/Curo/Curo-main/backend/node_modules/axios/lib/core/Axios.js:46:41)
    at process.processTicksAndRejections (node:internal/process/task_queues:95:5)
    at async NexHealthService.getProviders (file:///C:/Users/rajem/Curo/Curo-main/backend/services/nextHealthService.js:66:24)
    at async file:///C:/Users/rajem/Curo/Curo-main/backend/routes/appointmentRoutes.js:66:23 {
  isAxiosError: true,
  code: 'ERR_BAD_REQUEST',
  config: {
    transitional: {
      silentJSONParsing: true,
      forcedJSONParsing: true,
      clarifyTimeoutError: false,
      legacyInterceptorReqResOrdering: true
    },
    adapter: [ 'xhr', 'http', 'fetch' ],
    transformRequest: [ [Function: transformRequest] ],
    transformResponse: [ [Function: transformResponse] ],
    timeout: 0,
    xsrfCookieName: 'XSRF-TOKEN',
    xsrfHeaderName: 'X-XSRF-TOKEN',
    maxContentLength: -1,
    maxBodyLength: -1,
    env: { FormData: [Function], Blob: [class Blob] },
    validateStatus: [Function: validateStatus],
    headers: Object [AxiosHeaders] {
      Accept: 'application/vnd.Nexhealth+json;version=2',
      'Content-Type': undefined,
      Authorization: 'Bearer eyJhbGciOiJIUzI1NiJ9.eyJzdWIiOiIyOTcxIiwic2NwIjoiYXBpX3VzZXIiLCJpYXQiOjE3NzI3NDA4MjksImV4cCI6MTc3Mjc0NDQyOSwianRpIjoiN2QyMTQ5NTItNjg5Ny00MDIwLWI4ZGYtYWNkYzM1YTNlY2NkIn0.5_hO8GT-hAJiEGdj4XRSg45DbOVj6VFVCHrVtfPhmiE',
      'User-Agent': 'axios/1.13.6',
      'Accept-Encoding': 'gzip, compress, deflate, br'
    },
    params: { subdomain: 'tbfr3c', page: 1, per_page: 100 },
    method: 'get',
    url: 'https://nexhealth.info/providers',
    allowAbsoluteUrls: true,
    data: undefined
  },
  request: <ref *1> ClientRequest {
    _events: [Object: null prototype] {
      abort: [Function (anonymous)],
      aborted: [Function (anonymous)],
      connect: [Function (anonymous)],
      error: [Function (anonymous)],
      socket: [Function (anonymous)],
      timeout: [Function (anonymous)],
      finish: [Function: requestOnFinish]
    },
    _eventsCount: 7,
    _maxListeners: undefined,
    outputData: [],
    outputSize: 0,
    writable: true,
    destroyed: false,
    _last: true,
    chunkedEncoding: false,
    shouldKeepAlive: false,
    maxRequestsOnConnectionReached: false,
    _defaultKeepAlive: true,
    useChunkedEncodingByDefault: false,
    sendDate: false,
    _removedConnection: false,
    _removedContLen: false,
    _removedTE: false,
    strictContentLength: false,
    _contentLength: 0,
    _hasBody: true,
    _trailer: '',
    finished: true,
    _headerSent: true,
    _closed: false,
    socket: TLSSocket {
      _tlsOptions: [Object],
      _secureEstablished: true,
      _securePending: false,
      _newSessionPending: false,
      _controlReleased: true,
      secureConnecting: false,
      _SNICallback: null,
      servername: 'nexhealth.info',
      alpnProtocol: false,
      authorized: true,
      authorizationError: null,
      encrypted: true,
      _events: [Object: null prototype],
      _eventsCount: 10,
      connecting: false,
      _hadError: false,
      _parent: null,
      _host: 'nexhealth.info',
      _closeAfterHandlingError: false,
      _readableState: [ReadableState],
      _maxListeners: undefined,
      _writableState: [WritableState],
      allowHalfOpen: false,
      _sockname: null,
      _pendingData: null,
      _pendingEncoding: '',
      server: undefined,
      _server: null,
      ssl: [TLSWrap],
      _requestCert: true,
      _rejectUnauthorized: true,
      parser: null,
      _httpMessage: [Circular *1],
      timeout: 0,
      [Symbol(alpncallback)]: null,
      [Symbol(res)]: [TLSWrap],
      [Symbol(verified)]: true,
      [Symbol(pendingSession)]: null,
      [Symbol(async_id_symbol)]: 3635,
      [Symbol(kHandle)]: [TLSWrap],
      [Symbol(lastWriteQueueSize)]: 0,
      [Symbol(timeout)]: null,
      [Symbol(kBuffer)]: null,
      [Symbol(kBufferCb)]: null,
      [Symbol(kBufferGen)]: null,
      [Symbol(kCapture)]: false,
      [Symbol(kSetNoDelay)]: false,
      [Symbol(kSetKeepAlive)]: true,
      [Symbol(kSetKeepAliveInitialDelay)]: 60,
      [Symbol(kBytesRead)]: 0,
      [Symbol(kBytesWritten)]: 0,
      [Symbol(connect-options)]: [Object]
    },
    _header: 'GET /providers?subdomain=tbfr3c&page=1&per_page=100 HTTP/1.1\r\n' +
      'Accept: application/vnd.Nexhealth+json;version=2\r\n' +
      'Authorization: Bearer eyJhbGciOiJIUzI1NiJ9.eyJzdWIiOiIyOTcxIiwic2NwIjoiYXBpX3VzZXIiLCJpYXQiOjE3NzI3NDA4MjksImV4cCI6MTc3Mjc0NDQyOSwianRpIjoiN2QyMTQ5NTItNjg5Ny00MDIwLWI4ZGYtYWNkYzM1YTNlY2NkIn0.5_hO8GT-hAJiEGdj4XRSg45DbOVj6VFVCHrVtfPhmiE\r\n' +
      'User-Agent: axios/1.13.6\r\n' +
      'Accept-Encoding: gzip, compress, deflate, br\r\n' +
      'Host: nexhealth.info\r\n' +
      'Connection: close\r\n' +
      '\r\n',
    _keepAliveTimeout: 0,
    _onPendingData: [Function: nop],
    agent: Agent {
      _events: [Object: null prototype],
      _eventsCount: 2,
      _maxListeners: undefined,
      defaultPort: 443,
      protocol: 'https:',
      options: [Object: null prototype],
      requests: [Object: null prototype] {},
      sockets: [Object: null prototype],
      freeSockets: [Object: null prototype] {},
      keepAliveMsecs: 1000,
      keepAlive: false,
      maxSockets: Infinity,
      maxFreeSockets: 256,
      scheduling: 'lifo',
      maxTotalSockets: Infinity,
      totalSocketCount: 1,
      maxCachedSessions: 100,
      _sessionCache: [Object],
      [Symbol(kCapture)]: false
    },
    socketPath: undefined,
    method: 'GET',
    maxHeaderSize: undefined,
    insecureHTTPParser: undefined,
    joinDuplicateHeaders: undefined,
    path: '/providers?subdomain=tbfr3c&page=1&per_page=100',
    _ended: true,
    res: IncomingMessage {
      _readableState: [ReadableState],
      _events: [Object: null prototype],
      _eventsCount: 4,
      _maxListeners: undefined,
      socket: [TLSSocket],
      httpVersionMajor: 1,
      httpVersionMinor: 1,
      httpVersion: '1.1',
      complete: true,
      rawHeaders: [Array],
      rawTrailers: [],
      joinDuplicateHeaders: undefined,
      aborted: false,
      upgrade: false,
      url: '',
      method: null,
      statusCode: 403,
      statusMessage: 'Forbidden',
      client: [TLSSocket],
      _consuming: true,
      _dumped: false,
      req: [Circular *1],
      responseUrl: 'https://nexhealth.info/providers?subdomain=tbfr3c&page=1&per_page=100',
      redirects: [],
      [Symbol(kCapture)]: false,
      [Symbol(kHeaders)]: [Object],
      [Symbol(kHeadersCount)]: 34,
      [Symbol(kTrailers)]: null,
      [Symbol(kTrailersCount)]: 0
    },
    aborted: false,
    timeoutCb: null,
    upgradeOrConnect: false,
    parser: null,
    maxHeadersCount: null,
    reusedSocket: false,
    host: 'nexhealth.info',
    protocol: 'https:',
    _redirectable: Writable {
      _writableState: [WritableState],
      _events: [Object: null prototype],
      _eventsCount: 3,
      _maxListeners: undefined,
      _options: [Object],
      _ended: true,
      _ending: true,
      _redirectCount: 0,
      _redirects: [],
      _requestBodyLength: 0,
      _requestBodyBuffers: [],
      _onNativeResponse: [Function (anonymous)],
      _currentRequest: [Circular *1],
      _currentUrl: 'https://nexhealth.info/providers?subdomain=tbfr3c&page=1&per_page=100',
      _timeout: null,
      [Symbol(kCapture)]: false
    },
    [Symbol(kCapture)]: false,
    [Symbol(kBytesWritten)]: 0,
    [Symbol(kNeedDrain)]: false,
    [Symbol(corked)]: 0,
    [Symbol(kOutHeaders)]: [Object: null prototype] {
      accept: [Array],
      authorization: [Array],
      'user-agent': [Array],
      'accept-encoding': [Array],
      host: [Array]
    },
    [Symbol(errored)]: null,
    [Symbol(kHighWaterMark)]: 16384,
    [Symbol(kRejectNonStandardBodyWrites)]: false,
    [Symbol(kUniqueHeaders)]: null
  },
  response: {
    status: 403,
    statusText: 'Forbidden',
    headers: Object [AxiosHeaders] {
      date: 'Thu, 05 Mar 2026 20:00:30 GMT',
      'content-type': 'application/vnd.Nexhealth+json; version=2',
      'transfer-encoding': 'chunked',
      connection: 'close',
      'cf-ray': '9d7bb50ab9739905-BOM',
      status: '403 Forbidden',
      'cache-control': 'no-cache',
      vary: 'Origin',
      'strict-transport-security': 'max-age=31556952; includeSubDomains; preload',
      'x-request-id': '52ef1735-f4a2-49d7-a2dc-a7d6f4ad6ebb',
      'x-moesif-transaction-id': '153adab5-cff1-43be-8d51-03049ec17b2f',
      'x-runtime': '0.027411',
      'set-cookie': [Array],
      'cf-cache-status': 'DYNAMIC',
      server: 'cloudflare',
      'alt-svc': 'h3=":443"; ma=86400'
    },
    config: {
      transitional: [Object],
      adapter: [Array],
      transformRequest: [Array],
      transformResponse: [Array],
      timeout: 0,
      xsrfCookieName: 'XSRF-TOKEN',
      xsrfHeaderName: 'X-XSRF-TOKEN',
      maxContentLength: -1,
      maxBodyLength: -1,
      env: [Object],
      validateStatus: [Function: validateStatus],
      headers: [Object [AxiosHeaders]],
      params: [Object],
      method: 'get',
      url: 'https://nexhealth.info/providers',
      allowAbsoluteUrls: true,
      data: undefined
    },
    request: <ref *1> ClientRequest {
      _events: [Object: null prototype],
      _eventsCount: 7,
      _maxListeners: undefined,
      outputData: [],
      outputSize: 0,
      writable: true,
      destroyed: false,
      _last: true,
      chunkedEncoding: false,
      shouldKeepAlive: false,
      maxRequestsOnConnectionReached: false,
      _defaultKeepAlive: true,
      useChunkedEncodingByDefault: false,
      sendDate: false,
      _removedConnection: false,
      _removedContLen: false,
      _removedTE: false,
      strictContentLength: false,
      _contentLength: 0,
      _hasBody: true,
      _trailer: '',
      finished: true,
      _headerSent: true,
      _closed: false,
      socket: [TLSSocket],
      _header: 'GET /providers?subdomain=tbfr3c&page=1&per_page=100 HTTP/1.1\r\n' +
        'Accept: application/vnd.Nexhealth+json;version=2\r\n' +
        'Authorization: Bearer eyJhbGciOiJIUzI1NiJ9.eyJzdWIiOiIyOTcxIiwic2NwIjoiYXBpX3VzZXIiLCJpYXQiOjE3NzI3NDA4MjksImV4cCI6MTc3Mjc0NDQyOSwianRpIjoiN2QyMTQ5NTItNjg5Ny00MDIwLWI4ZGYtYWNkYzM1YTNlY2NkIn0.5_hO8GT-hAJiEGdj4XRSg45DbOVj6VFVCHrVtfPhmiE\r\n' +
        'User-Agent: axios/1.13.6\r\n' +
        'Accept-Encoding: gzip, compress, deflate, br\r\n' +
        'Host: nexhealth.info\r\n' +
        'Connection: close\r\n' +
        '\r\n',
      _keepAliveTimeout: 0,
      _onPendingData: [Function: nop],
      agent: [Agent],
      socketPath: undefined,
      method: 'GET',
      maxHeaderSize: undefined,
      insecureHTTPParser: undefined,
      joinDuplicateHeaders: undefined,
      path: '/providers?subdomain=tbfr3c&page=1&per_page=100',
      _ended: true,
      res: [IncomingMessage],
      aborted: false,
      timeoutCb: null,
      upgradeOrConnect: false,
      parser: null,
      maxHeadersCount: null,
      reusedSocket: false,
      host: 'nexhealth.info',
      protocol: 'https:',
      _redirectable: [Writable],
      [Symbol(kCapture)]: false,
      [Symbol(kBytesWritten)]: 0,
      [Symbol(kNeedDrain)]: false,
      [Symbol(corked)]: 0,
      [Symbol(kOutHeaders)]: [Object: null prototype],
      [Symbol(errored)]: null,
      [Symbol(kHighWaterMark)]: 16384,
      [Symbol(kRejectNonStandardBodyWrites)]: false,
      [Symbol(kUniqueHeaders)]: null
    },
    data: { code: false, description: null, data: null, error: [Array] }
  },
  status: 403
}
